Nov 11, 2013 5:52:23 PM POE.poeThread processSpoiler
INFO: Processing element: <div class="spoilerTitle">
 <span>Spoiler</span>
 <input class="button1" type="button" title="Show" value="Show" onclick="return POE.Forum.SpoilerClick(this);" />
</div>
Nov 11, 2013 5:52:28 PM POE.poeThread processSpoiler
INFO: Processing element: <div class="spoilerTitle">
 <span>Spoiler</span>
 <input class="button1" type="button" title="Show" value="Show" onclick="return POE.Forum.SpoilerClick(this);" />
</div>
Nov 11, 2013 5:52:28 PM POE.poeThread processSpoiler
INFO: Processing element: <div class="spoilerTitle">
 <span>Spoiler</span>
 <input class="button1" type="button" title="Show" value="Show" onclick="return POE.Forum.SpoilerClick(this);" />
</div>
Nov 11, 2013 5:52:28 PM POE.poeThread processSpoiler
INFO: Processing element: <div class="spoilerTitle">
 <span>Spoiler</span>
 <input class="button1" type="button" title="Show" value="Show" onclick="return POE.Forum.SpoilerClick(this);" />
</div>
Nov 11, 2013 5:52:28 PM POE.poeThread processSpoiler
INFO: Processing element: <div class="spoilerTitle">
 <span>Spoiler</span>
 <input class="button1" type="button" title="Show" value="Show" onclick="return POE.Forum.SpoilerClick(this);" />
</div>
Nov 11, 2013 5:52:28 PM POE.poeThread processSpoiler
INFO: Processing element: <div class="spoilerTitle">
 <span>Spoiler</span>
 <input class="button1" type="button" title="Show" value="Show" onclick="return POE.Forum.SpoilerClick(this);" />
</div>
Nov 11, 2013 5:52:28 PM POE.poeThread processSpoiler
INFO: Processing element: <div class="spoilerTitle">
 <span>Spoiler</span>
 <input class="button1" type="button" title="Show" value="Show" onclick="return POE.Forum.SpoilerClick(this);" />
</div>
Nov 11, 2013 5:52:28 PM POE.poeThread processSpoiler
INFO: Processing element: <div class="spoilerTitle">
 <span>Spoiler</span>
 <input class="button1" type="button" title="Show" value="Show" onclick="return POE.Forum.SpoilerClick(this);" />
</div>
Nov 11, 2013 5:52:28 PM POE.poeThread processSpoiler
INFO: Processing element: <div class="spoilerTitle">
 <span>Spoiler</span>
 <input class="button1" type="button" title="Show" value="Show" onclick="return POE.Forum.SpoilerClick(this);" />
</div>
Nov 11, 2013 5:52:28 PM POE.poeThread processSpoiler
INFO: Processing element: <div class="spoilerTitle">
 <span>Spoiler</span>
 <input class="button1" type="button" title="Show" value="Show" onclick="return POE.Forum.SpoilerClick(this);" />
</div>
Nov 11, 2013 5:52:28 PM POE.poeThread processSpoiler
INFO: Processing element: <div class="spoilerTitle">
 <span>Spoiler</span>
 <input class="button1" type="button" title="Show" value="Show" onclick="return POE.Forum.SpoilerClick(this);" />
</div>
Nov 11, 2013 5:52:28 PM POE.poeThread processSpoiler
INFO: Processing element: <div class="spoilerTitle">
 <span>Spoiler</span>
 <input class="button1" type="button" title="Show" value="Show" onclick="return POE.Forum.SpoilerClick(this);" />
</div>
Nov 11, 2013 5:52:28 PM POE.poeThread processSpoiler
INFO: Processing element: <div class="spoilerTitle">
 <span>Spoiler</span>
 <input class="button1" type="button" title="Show" value="Show" onclick="return POE.Forum.SpoilerClick(this);" />
</div>
Nov 11, 2013 5:52:28 PM POE.poeThread processSpoiler
INFO: Processing element: <div class="spoilerTitle">
 <span>Spoiler</span>
 <input class="button1" type="button" title="Show" value="Show" onclick="return POE.Forum.SpoilerClick(this);" />
</div>
Nov 11, 2013 5:52:28 PM POE.poeThread processSpoiler
INFO: Processing element: <div class="spoilerTitle">
 <span>Spoiler</span>
 <input class="button1" type="button" title="Show" value="Show" onclick="return POE.Forum.SpoilerClick(this);" />
</div>
Nov 11, 2013 5:52:31 PM POE.poeThread processSpoiler
INFO: Processing element: <div class="spoilerTitle">
 <span>&nbsp;&nbsp;&nbsp;&nbsp;&nbsp;&nbsp;&nbsp;&nbsp;&nbsp;&nbsp;Uniques&nbsp;&nbsp;&nbsp;&nbsp;&nbsp;&nbsp;&nbsp;&nbsp;&nbsp;&nbsp;</span>
 <input class="button1" type="button" title="Show" value="Show" onclick="return POE.Forum.SpoilerClick(this);" />
</div>
Nov 11, 2013 5:52:31 PM POE.poeThread processSpoiler
INFO: Processing element: <div class="spoilerTitle">
 <span>&nbsp;&nbsp;&nbsp;&nbsp;&nbsp;&nbsp;&nbsp;&nbsp;&nbsp;&nbsp;Gems&nbsp;&nbsp;&nbsp;&nbsp;&nbsp;&nbsp;&nbsp;&nbsp;&nbsp;&nbsp;</span>
 <input class="button1" type="button" title="Show" value="Show" onclick="return POE.Forum.SpoilerClick(this);" />
</div>
Nov 11, 2013 5:52:31 PM POE.poeThread processSpoiler
INFO: Processing element: <div class="spoilerTitle">
 <span>&nbsp;&nbsp;&nbsp;&nbsp;&nbsp;&nbsp;&nbsp;&nbsp;&nbsp;&nbsp;Quality Gems&nbsp;&nbsp;&nbsp;&nbsp;&nbsp;&nbsp;&nbsp;&nbsp;&nbsp;&nbsp;</span>
 <input class="button1" type="button" title="Show" value="Show" onclick="return POE.Forum.SpoilerClick(this);" />
</div>
Nov 11, 2013 5:52:31 PM POE.poeThread processSpoiler
INFO: Processing element: <div class="spoilerTitle">
 <span>&nbsp;&nbsp;&nbsp;&nbsp;&nbsp;&nbsp;&nbsp;&nbsp;&nbsp;&nbsp;Drop Only Gems&nbsp;&nbsp;&nbsp;&nbsp;&nbsp;&nbsp;&nbsp;&nbsp;&nbsp;&nbsp;</span>
 <input class="button1" type="button" title="Show" value="Show" onclick="return POE.Forum.SpoilerClick(this);" />
</div>
Nov 11, 2013 5:52:31 PM POE.poeThread processSpoiler
INFO: Processing element: <div class="spoilerTitle">
 <span>&nbsp;&nbsp;&nbsp;&nbsp;&nbsp;&nbsp;&nbsp;&nbsp;&nbsp;&nbsp;Curse Gems&nbsp;&nbsp;&nbsp;&nbsp;&nbsp;&nbsp;&nbsp;&nbsp;&nbsp;&nbsp;</span>
 <input class="button1" type="button" title="Show" value="Show" onclick="return POE.Forum.SpoilerClick(this);" />
</div>
Nov 11, 2013 5:52:31 PM POE.poeThread processSpoiler
INFO: Processing element: <div class="spoilerTitle">
 <span>&nbsp;&nbsp;&nbsp;&nbsp;&nbsp;&nbsp;&nbsp;&nbsp;&nbsp;&nbsp;Tri Res Gear&nbsp;&nbsp;&nbsp;&nbsp;&nbsp;&nbsp;&nbsp;&nbsp;&nbsp;&nbsp;</span>
 <input class="button1" type="button" title="Show" value="Show" onclick="return POE.Forum.SpoilerClick(this);" />
</div>
Nov 11, 2013 5:52:31 PM POE.poeThread processSpoiler
INFO: Processing element: <div class="spoilerTitle">
 <span>&nbsp;&nbsp;&nbsp;&nbsp;&nbsp;&nbsp;&nbsp;&nbsp;&nbsp;&nbsp;IIR/IIQ Gear&nbsp;&nbsp;&nbsp;&nbsp;&nbsp;&nbsp;&nbsp;&nbsp;&nbsp;&nbsp;</span>
 <input class="button1" type="button" title="Show" value="Show" onclick="return POE.Forum.SpoilerClick(this);" />
</div>
Nov 11, 2013 5:52:31 PM POE.poeThread processSpoiler
INFO: Processing element: <div class="spoilerTitle">
 <span>&nbsp;&nbsp;&nbsp;&nbsp;&nbsp;&nbsp;&nbsp;&nbsp;&nbsp;&nbsp;Weapons and Armor&nbsp;&nbsp;&nbsp;&nbsp;&nbsp;&nbsp;&nbsp;&nbsp;&nbsp;&nbsp;</span>
 <input class="button1" type="button" title="Show" value="Show" onclick="return POE.Forum.SpoilerClick(this);" />
</div>
Nov 11, 2013 5:52:31 PM POE.poeThread processSpoiler
INFO: Processing element: <div class="spoilerTitle">
 <span>&nbsp;&nbsp;&nbsp;&nbsp;&nbsp;&nbsp;&nbsp;&nbsp;&nbsp;&nbsp;Armor&nbsp;&nbsp;&nbsp;&nbsp;&nbsp;&nbsp;&nbsp;&nbsp;&nbsp;&nbsp;&nbsp;&nbsp;&nbsp;&nbsp;&nbsp;&nbsp;&nbsp;&nbsp;&nbsp;&nbsp;&nbsp;&nbsp;&nbsp;&nbsp;&nbsp;&nbsp;&nbsp;&nbsp;&nbsp;&nbsp;&nbsp;&nbsp;&nbsp;</span>
 <input class="button1" type="button" title="Show" value="Show" onclick="return POE.Forum.SpoilerClick(this);" />
</div>
Nov 11, 2013 5:52:31 PM POE.poeThread processSpoiler
INFO: Processing element: <div class="spoilerTitle">
 <span>&nbsp;&nbsp;&nbsp;&nbsp;&nbsp;&nbsp;&nbsp;&nbsp;&nbsp;&nbsp;Helms&nbsp;&nbsp;&nbsp;&nbsp;&nbsp;&nbsp;&nbsp;&nbsp;&nbsp;&nbsp;</span>
 <input class="button1" type="button" title="Show" value="Show" onclick="return POE.Forum.SpoilerClick(this);" />
</div>
Nov 11, 2013 5:52:31 PM POE.poeThread processSpoiler
INFO: Processing element: <div class="spoilerTitle">
 <span>&nbsp;&nbsp;&nbsp;&nbsp;&nbsp;&nbsp;&nbsp;&nbsp;&nbsp;&nbsp;Amulets&nbsp;&nbsp;&nbsp;&nbsp;&nbsp;&nbsp;&nbsp;&nbsp;&nbsp;&nbsp;</span>
 <input class="button1" type="button" title="Show" value="Show" onclick="return POE.Forum.SpoilerClick(this);" />
</div>
Nov 11, 2013 5:52:31 PM POE.poeThread processSpoiler
INFO: Processing element: <div class="spoilerTitle">
 <span>&nbsp;&nbsp;&nbsp;&nbsp;&nbsp;&nbsp;&nbsp;&nbsp;&nbsp;&nbsp;Chest Armor&nbsp;&nbsp;&nbsp;&nbsp;&nbsp;&nbsp;&nbsp;&nbsp;&nbsp;&nbsp;</span>
 <input class="button1" type="button" title="Show" value="Show" onclick="return POE.Forum.SpoilerClick(this);" />
</div>
Nov 11, 2013 5:52:31 PM POE.poeThread processSpoiler
INFO: Processing element: <div class="spoilerTitle">
 <span>&nbsp;&nbsp;&nbsp;&nbsp;&nbsp;&nbsp;&nbsp;&nbsp;&nbsp;&nbsp;Rings&nbsp;&nbsp;&nbsp;&nbsp;&nbsp;&nbsp;&nbsp;&nbsp;&nbsp;&nbsp;</span>
 <input class="button1" type="button" title="Show" value="Show" onclick="return POE.Forum.SpoilerClick(this);" />
</div>
Nov 11, 2013 5:52:31 PM POE.poeThread processSpoiler
INFO: Processing element: <div class="spoilerTitle">
 <span>&nbsp;&nbsp;&nbsp;&nbsp;&nbsp;&nbsp;&nbsp;&nbsp;&nbsp;&nbsp;Belts&nbsp;&nbsp;&nbsp;&nbsp;&nbsp;&nbsp;&nbsp;&nbsp;&nbsp;&nbsp;</span>
 <input class="button1" type="button" title="Show" value="Show" onclick="return POE.Forum.SpoilerClick(this);" />
</div>
Nov 11, 2013 5:52:31 PM POE.poeThread processSpoiler
INFO: Processing element: <div class="spoilerTitle">
 <span>&nbsp;&nbsp;&nbsp;&nbsp;&nbsp;&nbsp;&nbsp;&nbsp;&nbsp;&nbsp;Boots&nbsp;&nbsp;&nbsp;&nbsp;&nbsp;&nbsp;&nbsp;&nbsp;&nbsp;&nbsp;</span>
 <input class="button1" type="button" title="Show" value="Show" onclick="return POE.Forum.SpoilerClick(this);" />
</div>
Nov 11, 2013 5:52:31 PM POE.poeThread processSpoiler
INFO: Processing element: <div class="spoilerTitle">
 <span>&nbsp;&nbsp;&nbsp;&nbsp;&nbsp;&nbsp;&nbsp;&nbsp;&nbsp;&nbsp;Gloves&nbsp;&nbsp;&nbsp;&nbsp;&nbsp;&nbsp;&nbsp;&nbsp;&nbsp;&nbsp;</span>
 <input class="button1" type="button" title="Show" value="Show" onclick="return POE.Forum.SpoilerClick(this);" />
</div>
Nov 11, 2013 5:52:31 PM POE.poeThread processSpoiler
INFO: Processing element: <div class="spoilerTitle">
 <span>&nbsp;&nbsp;&nbsp;&nbsp;&nbsp;&nbsp;&nbsp;&nbsp;&nbsp;&nbsp;Shields&nbsp;&nbsp;&nbsp;&nbsp;&nbsp;&nbsp;&nbsp;&nbsp;&nbsp;&nbsp;</span>
 <input class="button1" type="button" title="Show" value="Show" onclick="return POE.Forum.SpoilerClick(this);" />
</div>
Nov 11, 2013 5:52:31 PM POE.poeThread processSpoiler
INFO: Processing element: <div class="spoilerTitle">
 <span>&nbsp;&nbsp;&nbsp;&nbsp;&nbsp;&nbsp;&nbsp;&nbsp;&nbsp;&nbsp;Swords, Axes &amp; Maces&nbsp;&nbsp;&nbsp;&nbsp;&nbsp;&nbsp;&nbsp;&nbsp;&nbsp;&nbsp;</span>
 <input class="button1" type="button" title="Show" value="Show" onclick="return POE.Forum.SpoilerClick(this);" />
</div>
Nov 11, 2013 5:52:31 PM POE.poeThread processSpoiler
INFO: Processing element: <div class="spoilerTitle">
 <span>&nbsp;&nbsp;&nbsp;&nbsp;&nbsp;&nbsp;&nbsp;&nbsp;&nbsp;&nbsp;Daggers&nbsp;&nbsp;&nbsp;&nbsp;&nbsp;&nbsp;&nbsp;&nbsp;&nbsp;&nbsp;</span>
 <input class="button1" type="button" title="Show" value="Show" onclick="return POE.Forum.SpoilerClick(this);" />
</div>
Nov 11, 2013 5:52:31 PM POE.poeThread processSpoiler
INFO: Processing element: <div class="spoilerTitle">
 <span>&nbsp;&nbsp;&nbsp;&nbsp;&nbsp;&nbsp;&nbsp;&nbsp;&nbsp;&nbsp;Claws&nbsp;&nbsp;&nbsp;&nbsp;&nbsp;&nbsp;&nbsp;&nbsp;&nbsp;&nbsp;</span>
 <input class="button1" type="button" title="Show" value="Show" onclick="return POE.Forum.SpoilerClick(this);" />
</div>
Nov 11, 2013 5:52:31 PM POE.poeThread processSpoiler
INFO: Processing element: <div class="spoilerTitle">
 <span>&nbsp;&nbsp;&nbsp;&nbsp;&nbsp;&nbsp;&nbsp;&nbsp;&nbsp;&nbsp;Bows &amp; Quivers&nbsp;&nbsp;&nbsp;&nbsp;&nbsp;&nbsp;&nbsp;&nbsp;&nbsp;&nbsp;</span>
 <input class="button1" type="button" title="Show" value="Show" onclick="return POE.Forum.SpoilerClick(this);" />
</div>
Nov 11, 2013 5:52:31 PM POE.poeThread processSpoiler
INFO: Processing element: <div class="spoilerTitle">
 <span>&nbsp;&nbsp;&nbsp;&nbsp;&nbsp;&nbsp;&nbsp;&nbsp;&nbsp;&nbsp;Wands, Sceptres &amp; Staves&nbsp;&nbsp;&nbsp;&nbsp;&nbsp;&nbsp;&nbsp;&nbsp;&nbsp;&nbsp;</span>
 <input class="button1" type="button" title="Show" value="Show" onclick="return POE.Forum.SpoilerClick(this);" />
</div>
Nov 11, 2013 5:52:33 PM POE.poeThread processSpoiler
INFO: Processing element: <div class="spoilerTitle">
 <span>Spoiler</span>
 <input class="button1" type="button" title="Show" value="Show" onclick="return POE.Forum.SpoilerClick(this);" />
</div>
Nov 11, 2013 5:52:33 PM POE.poeThread processSpoiler
INFO: Processing element: <div class="spoilerTitle">
 <span>Spoiler</span>
 <input class="button1" type="button" title="Show" value="Show" onclick="return POE.Forum.SpoilerClick(this);" />
</div>
Nov 11, 2013 5:52:33 PM POE.poeThread processSpoiler
INFO: Processing element: <div class="spoilerTitle">
 <span>Spoiler</span>
 <input class="button1" type="button" title="Show" value="Show" onclick="return POE.Forum.SpoilerClick(this);" />
</div>
Nov 11, 2013 5:52:33 PM POE.poeThread processSpoiler
INFO: Processing element: <div class="spoilerTitle">
 <span>Spoiler</span>
 <input class="button1" type="button" title="Show" value="Show" onclick="return POE.Forum.SpoilerClick(this);" />
</div>
Nov 11, 2013 5:52:33 PM POE.poeThread processSpoiler
INFO: Processing element: <div class="spoilerTitle">
 <span>Spoiler</span>
 <input class="button1" type="button" title="Show" value="Show" onclick="return POE.Forum.SpoilerClick(this);" />
</div>
Nov 11, 2013 5:52:33 PM POE.poeThread processSpoiler
INFO: Processing element: <div class="spoilerTitle">
 <span>Spoiler</span>
 <input class="button1" type="button" title="Show" value="Show" onclick="return POE.Forum.SpoilerClick(this);" />
</div>
Nov 11, 2013 5:52:33 PM POE.poeThread processSpoiler
INFO: Processing element: <div class="spoilerTitle">
 <span>Spoiler</span>
 <input class="button1" type="button" title="Show" value="Show" onclick="return POE.Forum.SpoilerClick(this);" />
</div>
Nov 11, 2013 5:52:33 PM POE.poeThread processSpoiler
INFO: Processing element: <div class="spoilerTitle">
 <span>Spoiler</span>
 <input class="button1" type="button" title="Show" value="Show" onclick="return POE.Forum.SpoilerClick(this);" />
</div>
Nov 11, 2013 5:52:33 PM POE.poeThread processSpoiler
INFO: Processing element: <div class="spoilerTitle">
 <span>Spoiler</span>
 <input class="button1" type="button" title="Show" value="Show" onclick="return POE.Forum.SpoilerClick(this);" />
</div>
Nov 11, 2013 5:52:33 PM POE.poeThread processSpoiler
INFO: Processing element: <div class="spoilerTitle">
 <span>Spoiler</span>
 <input class="button1" type="button" title="Show" value="Show" onclick="return POE.Forum.SpoilerClick(this);" />
</div>
Nov 11, 2013 5:52:33 PM POE.poeThread processSpoiler
INFO: Processing element: <div class="spoilerTitle">
 <span>Spoiler</span>
 <input class="button1" type="button" title="Show" value="Show" onclick="return POE.Forum.SpoilerClick(this);" />
</div>
Nov 11, 2013 5:52:35 PM POE.poeThread processSpoiler
INFO: Processing element: <div class="spoilerTitle">
 <span>Spoiler</span>
 <input class="button1" type="button" title="Show" value="Show" onclick="return POE.Forum.SpoilerClick(this);" />
</div>
Nov 11, 2013 5:52:35 PM POE.poeThread processSpoiler
INFO: Processing element: <div class="spoilerTitle">
 <span>Spoiler</span>
 <input class="button1" type="button" title="Show" value="Show" onclick="return POE.Forum.SpoilerClick(this);" />
</div>
Nov 11, 2013 5:52:35 PM POE.poeThread processSpoiler
INFO: Processing element: <div class="spoilerTitle">
 <span>Spoiler</span>
 <input class="button1" type="button" title="Show" value="Show" onclick="return POE.Forum.SpoilerClick(this);" />
</div>
Nov 11, 2013 5:52:35 PM POE.poeThread processSpoiler
INFO: Processing element: <div class="spoilerTitle">
 <span>~b/o 1 alch</span>
 <input class="button1" type="button" title="Show" value="Show" onclick="return POE.Forum.SpoilerClick(this);" />
</div>
Nov 11, 2013 5:52:35 PM POE.poeThread processSpoiler
INFO: Processing element: <div class="spoilerTitle">
 <span>Spoiler</span>
 <input class="button1" type="button" title="Show" value="Show" onclick="return POE.Forum.SpoilerClick(this);" />
</div>
Nov 11, 2013 5:52:35 PM POE.poeThread processSpoiler
INFO: Processing element: <div class="spoilerTitle">
 <span>~b/o 3 chaos</span>
 <input class="button1" type="button" title="Show" value="Show" onclick="return POE.Forum.SpoilerClick(this);" />
</div>
Nov 11, 2013 5:52:35 PM POE.poeThread processSpoiler
INFO: Processing element: <div class="spoilerTitle">
 <span>~b/o 2 chaos</span>
 <input class="button1" type="button" title="Show" value="Show" onclick="return POE.Forum.SpoilerClick(this);" />
</div>
Nov 11, 2013 5:52:35 PM POE.poeThread processSpoiler
INFO: Processing element: <div class="spoilerTitle">
 <span>~b/o 1 chaos</span>
 <input class="button1" type="button" title="Show" value="Show" onclick="return POE.Forum.SpoilerClick(this);" />
</div>
Nov 11, 2013 5:52:35 PM POE.poeThread processSpoiler
INFO: Processing element: <div class="spoilerTitle">
 <span>~b/o 1 alch</span>
 <input class="button1" type="button" title="Show" value="Show" onclick="return POE.Forum.SpoilerClick(this);" />
</div>
Nov 11, 2013 5:52:35 PM POE.poeThread processSpoiler
INFO: Processing element: <div class="spoilerTitle">
 <span>~b/o 1 alch</span>
 <input class="button1" type="button" title="Show" value="Show" onclick="return POE.Forum.SpoilerClick(this);" />
</div>
Nov 11, 2013 5:52:37 PM POE.poeThread processSpoiler
INFO: Processing element: <div class="spoilerTitle">
 <span>Featured</span>
 <input class="button1" type="button" title="Show" value="Show" onclick="return POE.Forum.SpoilerClick(this);" />
</div>
Nov 11, 2013 5:52:37 PM POE.poeThread processSpoiler
INFO: Processing element: <div class="spoilerTitle">
 <span>skill Gems</span>
 <input class="button1" type="button" title="Show" value="Show" onclick="return POE.Forum.SpoilerClick(this);" />
</div>
Nov 11, 2013 5:52:37 PM POE.poeThread processSpoiler
INFO: Processing element: <div class="spoilerTitle">
 <span>Quality Skill gems</span>
 <input class="button1" type="button" title="Show" value="Show" onclick="return POE.Forum.SpoilerClick(this);" />
</div>
Nov 11, 2013 5:52:37 PM POE.poeThread processSpoiler
INFO: Processing element: <div class="spoilerTitle">
 <span>skill gems</span>
 <input class="button1" type="button" title="Show" value="Show" onclick="return POE.Forum.SpoilerClick(this);" />
</div>
Nov 11, 2013 5:52:37 PM POE.poeThread processSpoiler
INFO: Processing element: <div class="spoilerTitle">
 <span>Rares </span>
 <input class="button1" type="button" title="Show" value="Show" onclick="return POE.Forum.SpoilerClick(this);" />
</div>
Nov 11, 2013 5:52:37 PM POE.poeThread processSpoiler
INFO: Processing element: <div class="spoilerTitle">
 <span>Weapons</span>
 <input class="button1" type="button" title="Show" value="Show" onclick="return POE.Forum.SpoilerClick(this);" />
</div>
Nov 11, 2013 5:52:37 PM POE.poeThread processSpoiler
INFO: Processing element: <div class="spoilerTitle">
 <span>Chests and shields</span>
 <input class="button1" type="button" title="Show" value="Show" onclick="return POE.Forum.SpoilerClick(this);" />
</div>
Nov 11, 2013 5:52:37 PM POE.poeThread processSpoiler
INFO: Processing element: <div class="spoilerTitle">
 <span>Boots, GLoves, Helms</span>
 <input class="button1" type="button" title="Show" value="Show" onclick="return POE.Forum.SpoilerClick(this);" />
</div>
Nov 11, 2013 5:52:37 PM POE.poeThread processSpoiler
INFO: Processing element: <div class="spoilerTitle">
 <span>Rings, amulets, Belts</span>
 <input class="button1" type="button" title="Show" value="Show" onclick="return POE.Forum.SpoilerClick(this);" />
</div>
Nov 11, 2013 5:52:37 PM POE.poeThread processSpoiler
INFO: Processing element: <div class="spoilerTitle">
 <span>Spoiler</span>
 <input class="button1" type="button" title="Show" value="Show" onclick="return POE.Forum.SpoilerClick(this);" />
</div>
Nov 11, 2013 5:52:41 PM POE.poeThread processSpoiler
INFO: Processing element: <div class="spoilerTitle">
 <span>Spoiler</span>
 <input class="button1" type="button" title="Show" value="Show" onclick="return POE.Forum.SpoilerClick(this);" />
</div>
Nov 11, 2013 5:52:41 PM POE.poeThread processSpoiler
INFO: Processing element: <div class="spoilerTitle">
 <span>Spoiler</span>
 <input class="button1" type="button" title="Show" value="Show" onclick="return POE.Forum.SpoilerClick(this);" />
</div>
Nov 11, 2013 5:52:41 PM POE.poeThread processSpoiler
INFO: Processing element: <div class="spoilerTitle">
 <span>Spoiler</span>
 <input class="button1" type="button" title="Show" value="Show" onclick="return POE.Forum.SpoilerClick(this);" />
</div>
Nov 11, 2013 5:52:41 PM POE.poeThread processSpoiler
INFO: Processing element: <div class="spoilerTitle">
 <span>Spoiler</span>
 <input class="button1" type="button" title="Show" value="Show" onclick="return POE.Forum.SpoilerClick(this);" />
</div>
Nov 11, 2013 5:52:41 PM POE.poeThread processSpoiler
INFO: Processing element: <div class="spoilerTitle">
 <span>Spoiler</span>
 <input class="button1" type="button" title="Show" value="Show" onclick="return POE.Forum.SpoilerClick(this);" />
</div>
Nov 11, 2013 5:52:43 PM POE.poeThread processSpoiler
INFO: Processing element: <div class="spoilerTitle">
 <span>Spoiler</span>
 <input class="button1" type="button" title="Show" value="Show" onclick="return POE.Forum.SpoilerClick(this);" />
</div>
Nov 11, 2013 5:52:43 PM POE.poeThread processSpoiler
INFO: Processing element: <div class="spoilerTitle">
 <span>Spoiler</span>
 <input class="button1" type="button" title="Show" value="Show" onclick="return POE.Forum.SpoilerClick(this);" />
</div>
Nov 11, 2013 5:52:43 PM POE.poeThread processSpoiler
INFO: Processing element: <div class="spoilerTitle">
 <span>Spoiler</span>
 <input class="button1" type="button" title="Show" value="Show" onclick="return POE.Forum.SpoilerClick(this);" />
</div>
Nov 11, 2013 5:52:43 PM POE.poeThread processSpoiler
INFO: Processing element: <div class="spoilerTitle">
 <span>Spoiler</span>
 <input class="button1" type="button" title="Show" value="Show" onclick="return POE.Forum.SpoilerClick(this);" />
</div>
Nov 11, 2013 5:52:43 PM POE.poeThread processSpoiler
INFO: Processing element: <div class="spoilerTitle">
 <span>Spoiler</span>
 <input class="button1" type="button" title="Show" value="Show" onclick="return POE.Forum.SpoilerClick(this);" />
</div>
Nov 11, 2013 5:52:43 PM POE.poeThread processSpoiler
INFO: Processing element: <div class="spoilerTitle">
 <span>Spoiler</span>
 <input class="button1" type="button" title="Show" value="Show" onclick="return POE.Forum.SpoilerClick(this);" />
</div>
Nov 11, 2013 5:52:43 PM POE.poeThread processSpoiler
INFO: Processing element: <div class="spoilerTitle">
 <span>Spoiler</span>
 <input class="button1" type="button" title="Show" value="Show" onclick="return POE.Forum.SpoilerClick(this);" />
</div>
Nov 11, 2013 5:52:43 PM POE.poeThread processSpoiler
INFO: Processing element: <div class="spoilerTitle">
 <span>Spoiler</span>
 <input class="button1" type="button" title="Show" value="Show" onclick="return POE.Forum.SpoilerClick(this);" />
</div>
Nov 11, 2013 5:52:43 PM POE.poeThread processSpoiler
INFO: Processing element: <div class="spoilerTitle">
 <span>Spoiler</span>
 <input class="button1" type="button" title="Show" value="Show" onclick="return POE.Forum.SpoilerClick(this);" />
</div>
Nov 11, 2013 5:52:43 PM POE.poeThread processSpoiler
INFO: Processing element: <div class="spoilerTitle">
 <span>Spoiler</span>
 <input class="button1" type="button" title="Show" value="Show" onclick="return POE.Forum.SpoilerClick(this);" />
</div>
Nov 11, 2013 5:52:44 PM POE.poeThread processSpoiler
INFO: Processing element: <div class="spoilerTitle">
 <span>Spoiler</span>
 <input class="button1" type="button" title="Show" value="Show" onclick="return POE.Forum.SpoilerClick(this);" />
</div>
Nov 11, 2013 5:52:44 PM POE.poeThread processSpoiler
INFO: Processing element: <div class="spoilerTitle">
 <span>Spoiler</span>
 <input class="button1" type="button" title="Show" value="Show" onclick="return POE.Forum.SpoilerClick(this);" />
</div>
Nov 11, 2013 5:52:44 PM POE.poeThread processSpoiler
INFO: Processing element: <div class="spoilerTitle">
 <span>Spoiler</span>
 <input class="button1" type="button" title="Show" value="Show" onclick="return POE.Forum.SpoilerClick(this);" />
</div>
Nov 11, 2013 5:52:44 PM POE.poeThread processSpoiler
INFO: Processing element: <div class="spoilerTitle">
 <span>Spoiler</span>
 <input class="button1" type="button" title="Show" value="Show" onclick="return POE.Forum.SpoilerClick(this);" />
</div>
Nov 11, 2013 5:52:44 PM POE.poeThread processSpoiler
INFO: Processing element: <div class="spoilerTitle">
 <span>Spoiler</span>
 <input class="button1" type="button" title="Show" value="Show" onclick="return POE.Forum.SpoilerClick(this);" />
</div>
Nov 11, 2013 5:52:46 PM POE.poeThread processSpoiler
INFO: Processing element: <div class="spoilerTitle">
 <span>Spoiler</span>
 <input class="button1" type="button" title="Show" value="Show" onclick="return POE.Forum.SpoilerClick(this);" />
</div>
Nov 11, 2013 5:52:46 PM POE.poeThread processSpoiler
INFO: Processing element: <div class="spoilerTitle">
 <span>Spoiler</span>
 <input class="button1" type="button" title="Show" value="Show" onclick="return POE.Forum.SpoilerClick(this);" />
</div>
